<?xml version="1.0" encoding="UTF-8"?>
<testsuite xmlns:xsi="http://www.w3.org/2001/XMLSchema-instance" xsi:schemaLocation="https://maven.apache.org/surefire/maven-surefire-plugin/xsd/surefire-test-report.xsd" name="TestSuite" time="110.397" tests="8" errors="0" skipped="0" failures="0">
  <properties>
    <property name="java.runtime.name" value="Java(TM) SE Runtime Environment"/>
    <property name="sun.boot.library.path" value="C:\Program Files (x86)\java 8_64\java_8_122\jre\bin"/>
    <property name="java.vm.version" value="25.122-b04"/>
    <property name="java.vm.vendor" value="Oracle Corporation"/>
    <property name="maven.multiModuleProjectDirectory" value="C:\Merlin_Neon\com.eobao"/>
    <property name="java.vendor.url" value="http://java.oracle.com/"/>
    <property name="path.separator" value=";"/>
    <property name="guice.disable.misplaced.annotation.check" value="true"/>
    <property name="java.vm.name" value="Java HotSpot(TM) 64-Bit Server VM"/>
    <property name="file.encoding.pkg" value="sun.io"/>
    <property name="user.script" value=""/>
    <property name="user.country" value="US"/>
    <property name="sun.java.launcher" value="SUN_STANDARD"/>
    <property name="sun.os.patch.level" value=""/>
    <property name="java.vm.specification.name" value="Java Virtual Machine Specification"/>
    <property name="user.dir" value="C:\Merlin_Neon\com.eobao"/>
    <property name="java.runtime.version" value="1.8.0_122-ea-b04"/>
    <property name="java.awt.graphicsenv" value="sun.awt.Win32GraphicsEnvironment"/>
    <property name="java.endorsed.dirs" value="C:\Program Files (x86)\java 8_64\java_8_122\jre\lib\endorsed"/>
    <property name="os.arch" value="amd64"/>
    <property name="java.io.tmpdir" value="C:\Users\TOMLIN\AppData\Local\Temp\"/>
    <property name="line.separator" value="&#10;"/>
    <property name="java.vm.specification.vendor" value="Oracle Corporation"/>
    <property name="user.variant" value=""/>
    <property name="os.name" value="Windows 10"/>
    <property name="classworlds.conf" value="C:\Merlin_Neon\.metadata\.plugins\org.eclipse.m2e.launching\launches\m2conf6598035024131262896.tmp"/>
    <property name="sun.jnu.encoding" value="Cp1252"/>
    <property name="java.library.path" value="C:\Program Files (x86)\java 8_64\java_8_122\bin;C:\WINDOWS\Sun\Java\bin;C:\WINDOWS\system32;C:\WINDOWS;C:/Program Files (x86)/java 8_64/java/bin/server;C:/Program Files (x86)/java 8_64/java/bin;C:/Program Files (x86)/java 8_64/java/lib/amd64;C:\ProgramData\Oracle\Java\javapath;C:\Program Files (x86)\Intel\iCLS Client\;C:\Program Files\Intel\iCLS Client\;C:\WINDOWS\system32;C:\WINDOWS;C:\WINDOWS\System32\Wbem;C:\WINDOWS\System32\WindowsPowerShell\v1.0\;C:\Program Files (x86)\Intel\Intel(R) Management Engine Components\DAL;C:\Program Files\Intel\Intel(R) Management Engine Components\DAL;C:\Program Files (x86)\Intel\Intel(R) Management Engine Components\IPT;C:\Windows\System32;C:\Program Files (x86)\Skype\Phone\;C:\Users\TOMLIN\AppData\Local\Microsoft\WindowsApps;;C:\Users\TOMLIN\Desktop\Eclipse_Neon\Neon\eclipse;;."/>
    <property name="java.specification.name" value="Java Platform API Specification"/>
    <property name="java.class.version" value="52.0"/>
    <property name="sun.management.compiler" value="HotSpot 64-Bit Tiered Compilers"/>
    <property name="os.version" value="10.0"/>
    <property name="user.home" value="C:\Users\TOMLIN"/>
    <property name="user.timezone" value="America/Los_Angeles"/>
    <property name="java.awt.printerjob" value="sun.awt.windows.WPrinterJob"/>
    <property name="java.specification.version" value="1.8"/>
    <property name="file.encoding" value="Cp1252"/>
    <property name="user.name" value="TOMLIN"/>
    <property name="java.class.path" value="/C:/Users/TOMLIN/Desktop/Eclipse_Neon/Neon/eclipse/plugins/org.eclipse.m2e.maven.runtime_1.7.0.20160603-1931/jars/plexus-classworlds-2.5.2.jar"/>
    <property name="java.vm.specification.version" value="1.8"/>
    <property name="sun.arch.data.model" value="64"/>
    <property name="java.home" value="C:\Program Files (x86)\java 8_64\java_8_122\jre"/>
    <property name="sun.java.command" value="org.codehaus.plexus.classworlds.launcher.Launcher -B test"/>
    <property name="java.specification.vendor" value="Oracle Corporation"/>
    <property name="user.language" value="en"/>
    <property name="awt.toolkit" value="sun.awt.windows.WToolkit"/>
    <property name="java.vm.info" value="mixed mode"/>
    <property name="java.version" value="1.8.0_122-ea"/>
    <property name="java.ext.dirs" value="C:\Program Files (x86)\java 8_64\java_8_122\jre\lib\ext;C:\WINDOWS\Sun\Java\lib\ext"/>
    <property name="sun.boot.class.path" value="C:\Program Files (x86)\java 8_64\java_8_122\jre\lib\charsets.jar;C:\Program Files (x86)\java 8_64\java_8_122\jre\lib\deploy.jar;C:\Program Files (x86)\java 8_64\java_8_122\jre\lib\javaws.jar;C:\Program Files (x86)\java 8_64\java_8_122\jre\lib\jce.jar;C:\Program Files (x86)\java 8_64\java_8_122\jre\lib\jfxswt.jar;C:\Program Files (x86)\java 8_64\java_8_122\jre\lib\jsse.jar;C:\Program Files (x86)\java 8_64\java_8_122\jre\lib\management-agent.jar;C:\Program Files (x86)\java 8_64\java_8_122\jre\lib\plugin.jar;C:\Program Files (x86)\java 8_64\java_8_122\jre\lib\resources.jar;C:\Program Files (x86)\java 8_64\java_8_122\jre\lib\rt.jar"/>
    <property name="java.vendor" value="Oracle Corporation"/>
    <property name="maven.home" value="C:\Merlin_Neon\com.eobao\EMBEDDED"/>
    <property name="file.separator" value="\"/>
    <property name="java.vendor.url.bug" value="http://bugreport.sun.com/bugreport/"/>
    <property name="sun.cpu.endian" value="little"/>
    <property name="sun.io.unicode.encoding" value="UnicodeLittle"/>
    <property name="sun.desktop" value="windows"/>
    <property name="sun.cpu.isalist" value="amd64"/>
  </properties>
  <testcase name="IntroPg" classname="testscripts.SoleTrader" time="15.291"/>
  <testcase name="IntroPg" classname="testscripts.SoleTrader" time="9.631"/>
  <testcase name="BD" classname="testscripts.SoleTrader" time="5.985"/>
  <testcase name="BD" classname="testscripts.SoleTrader" time="5.85"/>
  <testcase name="IntroPg" classname="testscripts.SoleTrader_DataProvider" time="11.761"/>
  <testcase name="IntroPg" classname="testscripts.SoleTrader_DataProvider" time="7.898"/>
  <testcase name="BD" classname="testscripts.SoleTrader_DataProvider" time="4.468"/>
  <testcase name="BD" classname="testscripts.SoleTrader_DataProvider" time="2.954"/>
</testsuite>