<?xml version="1.0" encoding="UTF-8"?>
<!-- Generated by org.testng.reporters.JUnitReportReporter -->
<testsuite hostname="LAPTOP-067IT145" name="testscripts.TC_Header" tests="1" failures="0" timestamp="12 Feb 2017 07:16:44 GMT" time="2.003" errors="0">
  <testcase name="ApplicationHeader" time="2.003" classname="testscripts.TC_Header"/>
</testsuite> <!-- testscripts.TC_Header -->
