<?xml version="1.0" encoding="UTF-8"?>
<!-- Generated by org.testng.reporters.JUnitReportReporter -->
<testsuite hostname="LAPTOP-067IT145" name="testscripts.TC_Header" tests="1" failures="0" timestamp="10 Feb 2017 09:49:13 GMT" time="1.074" errors="0">
  <testcase name="ApplicationHeader" time="1.074" classname="testscripts.TC_Header"/>
</testsuite> <!-- testscripts.TC_Header -->
