<?xml version="1.0" encoding="UTF-8"?>
<!-- Generated by org.testng.reporters.JUnitReportReporter -->
<testsuite hostname="LAPTOP-067IT145" name="testscripts.ImportantInfo" tests="1" failures="0" timestamp="4 Feb 2017 00:20:07 GMT" time="10.448" errors="0">
  <testcase name="IntroPg" time="10.448" classname="testscripts.ImportantInfo"/>
</testsuite> <!-- testscripts.ImportantInfo -->
