<?xml version="1.0" encoding="UTF-8"?>
<!-- Generated by org.testng.reporters.JUnitReportReporter -->
<testsuite hostname="LAPTOP-067IT145" name="temp.Class2" tests="1" failures="0" timestamp="11 Mar 2017 02:45:07 GMT" time="2.967" errors="0">
  <testcase name="ChromeTest3" time="2.967" classname="temp.Class2"/>
</testsuite> <!-- temp.Class2 -->
