<?xml version="1.0" encoding="UTF-8"?>
<!-- Generated by org.testng.reporters.JUnitReportReporter -->
<testsuite hostname="LAPTOP-067IT145" name="temp.Class1" tests="1" failures="0" timestamp="11 Mar 2017 02:45:07 GMT" time="1.558" errors="0">
  <testcase name="ChromeTest1" time="1.558" classname="temp.Class1"/>
</testsuite> <!-- temp.Class1 -->
