<?xml version="1.0" encoding="UTF-8"?>
<!-- Generated by org.testng.reporters.JUnitReportReporter -->
<testsuite hostname="LAPTOP-067IT145" name="testscripts.SoleTrader_DataProvider" tests="4" failures="0" timestamp="19 Feb 2017 23:53:08 GMT" time="27.180" errors="0">
  <testcase name="IntroPg" time="8.625" classname="testscripts.SoleTrader_DataProvider"/>
  <testcase name="BD" time="2.132" classname="testscripts.SoleTrader_DataProvider"/>
  <testcase name="BD" time="4.871" classname="testscripts.SoleTrader_DataProvider"/>
  <testcase name="IntroPg" time="11.552" classname="testscripts.SoleTrader_DataProvider"/>
</testsuite> <!-- testscripts.SoleTrader_DataProvider -->
