<?xml version="1.0" encoding="UTF-8"?>
<!-- Generated by org.testng.reporters.JUnitReportReporter -->
<testsuite hostname="LAPTOP-067IT145" name="temp.Class2" tests="1" failures="0" timestamp="15 Mar 2017 12:23:20 GMT" time="0.002" errors="0">
  <testcase name="class2test1" time="0.002" classname="temp.Class2"/>
</testsuite> <!-- temp.Class2 -->
