<?xml version="1.0" encoding="UTF-8"?>
<!-- Generated by org.testng.reporters.JUnitReportReporter -->
<testsuite hostname="LAPTOP-067IT145" name="testscripts.Redbus" tests="3" failures="0" timestamp="22 Feb 2017 09:34:13 GMT" time="15.597" errors="0">
  <testcase name="busTicketSearch" time="6.875" classname="testscripts.Redbus"/>
  <testcase name="busTicketSearch" time="3.554" classname="testscripts.Redbus"/>
  <testcase name="busTicketSearch" time="5.168" classname="testscripts.Redbus"/>
</testsuite> <!-- testscripts.Redbus -->
