<?xml version="1.0" encoding="UTF-8"?>
<!-- Generated by org.testng.reporters.JUnitReportReporter -->
<testsuite hostname="LAPTOP-067IT145" name="tc.facebook.FB_Login" tests="1" failures="0" timestamp="17 Mar 2017 01:17:10 GMT" time="16.411" errors="0">
  <testcase name="Login" time="16.411" classname="tc.facebook.FB_Login"/>
</testsuite> <!-- tc.facebook.FB_Login -->
