<?xml version="1.0" encoding="UTF-8"?>
<!-- Generated by org.testng.reporters.JUnitReportReporter -->
<testsuite hostname="LAPTOP-067IT145" name="test.SampleTestNG" tests="4" failures="0" timestamp="15 Feb 2017 01:48:57 GMT" time="5.979" errors="0">
  <testcase name="readallData" time="1.209" classname="test.SampleTestNG"/>
  <testcase name="testdataforsinglerun" time="0.020" classname="test.SampleTestNG"/>
  <testcase name="testdataforsinglerun" time="0.013" classname="test.SampleTestNG"/>
  <testcase name="readallData" time="4.737" classname="test.SampleTestNG"/>
</testsuite> <!-- test.SampleTestNG -->
