<?xml version="1.0" encoding="UTF-8"?>
<!-- Generated by org.testng.reporters.JUnitReportReporter -->
<testsuite hostname="LAPTOP-067IT145" name="testscripts.Redbus" tests="3" failures="0" timestamp="21 Feb 2017 04:09:30 GMT" time="16.838" errors="0">
  <testcase name="busTicketSearch" time="7.584" classname="testscripts.Redbus"/>
  <testcase name="busTicketSearch" time="4.760" classname="testscripts.Redbus"/>
  <testcase name="busTicketSearch" time="4.494" classname="testscripts.Redbus"/>
</testsuite> <!-- testscripts.Redbus -->
