<?xml version="1.0" encoding="UTF-8"?>
<!-- Generated by org.testng.reporters.JUnitReportReporter -->
<testsuite hostname="LAPTOP-067IT145" name="testscripts.TC_SoleTraderNew" tests="2" failures="0" timestamp="19 Feb 2017 21:53:10 GMT" time="21.067" errors="0">
  <testcase name="IntroPg" time="15.208" classname="testscripts.TC_SoleTraderNew"/>
  <testcase name="BD" time="5.859" classname="testscripts.TC_SoleTraderNew"/>
</testsuite> <!-- testscripts.TC_SoleTraderNew -->
