<?xml version="1.0" encoding="UTF-8"?>
<!-- Generated by org.testng.reporters.JUnitReportReporter -->
<testsuite hostname="LAPTOP-067IT145" name="testscripts.TC_BusinessDetails" tests="1" failures="0" timestamp="8 Feb 2017 01:58:51 GMT" time="1.241" errors="0">
  <testcase name="BD" time="1.241" classname="testscripts.TC_BusinessDetails"/>
</testsuite> <!-- testscripts.TC_BusinessDetails -->
