<?xml version="1.0" encoding="UTF-8"?>
<!-- Generated by org.testng.reporters.JUnitReportReporter -->
<testsuite hostname="LAPTOP-067IT145" name="tc.eobao.rbs.EOBAO_RBS_ST" tests="6" failures="0" timestamp="7 Mar 2017 04:57:16 GMT" time="113.170" errors="0">
  <testcase name="Intro" time="18.835" classname="tc.eobao.rbs.EOBAO_RBS_ST"/>
  <testcase name="Intro" time="19.098" classname="tc.eobao.rbs.EOBAO_RBS_ST"/>
  <testcase name="BD" time="15.683" classname="tc.eobao.rbs.EOBAO_RBS_ST"/>
  <testcase name="Intro" time="18.777" classname="tc.eobao.rbs.EOBAO_RBS_ST"/>
  <testcase name="BD" time="22.566" classname="tc.eobao.rbs.EOBAO_RBS_ST"/>
  <testcase name="BD" time="18.211" classname="tc.eobao.rbs.EOBAO_RBS_ST"/>
</testsuite> <!-- tc.eobao.rbs.EOBAO_RBS_ST -->
