<?xml version="1.0" encoding="UTF-8"?>
<!-- Generated by org.testng.reporters.JUnitReportReporter -->
<testsuite hostname="LAPTOP-067IT145" name="testscripts.FBLoginTC" tests="1" failures="0" timestamp="1 Mar 2017 09:03:46 GMT" time="19.890" errors="0">
  <testcase name="FBLogin" time="19.890" classname="testscripts.FBLoginTC"/>
</testsuite> <!-- testscripts.FBLoginTC -->
