<?xml version="1.0" encoding="UTF-8"?>
<!-- Generated by org.testng.reporters.JUnitReportReporter -->
<testsuite hostname="LAPTOP-067IT145" name="tc.rebbus.Redbus_Search" tests="1" failures="0" timestamp="17 Mar 2017 01:17:52 GMT" time="11.549" errors="0">
  <testcase name="busTicketSearch" time="11.549" classname="tc.rebbus.Redbus_Search"/>
</testsuite> <!-- tc.rebbus.Redbus_Search -->
