<?xml version="1.0" encoding="UTF-8"?>
<!-- Generated by org.testng.reporters.JUnitReportReporter -->
<testsuite hostname="LAPTOP-067IT145" name="testscripts.TC_BusinessDetails" tests="1" failures="0" timestamp="17 Feb 2017 22:01:09 GMT" time="4.596" errors="0">
  <testcase name="BD" time="4.596" classname="testscripts.TC_BusinessDetails"/>
</testsuite> <!-- testscripts.TC_BusinessDetails -->
