<?xml version="1.0" encoding="UTF-8"?>
<!-- Generated by org.testng.reporters.JUnitReportReporter -->
<testsuite hostname="LAPTOP-067IT145" name="testscripts.EOBAO_RBS_ST" tests="6" failures="0" timestamp="7 Mar 2017 01:32:55 GMT" time="111.310" errors="0">
  <testcase name="Intro" time="20.191" classname="testscripts.EOBAO_RBS_ST"/>
  <testcase name="Intro" time="18.005" classname="testscripts.EOBAO_RBS_ST"/>
  <testcase name="BD" time="16.238" classname="testscripts.EOBAO_RBS_ST"/>
  <testcase name="Intro" time="17.269" classname="testscripts.EOBAO_RBS_ST"/>
  <testcase name="BD" time="21.493" classname="testscripts.EOBAO_RBS_ST"/>
  <testcase name="BD" time="18.114" classname="testscripts.EOBAO_RBS_ST"/>
</testsuite> <!-- testscripts.EOBAO_RBS_ST -->
