<?xml version="1.0" encoding="UTF-8"?>
<!-- Generated by org.testng.reporters.JUnitReportReporter -->
<testsuite hostname="LAPTOP-067IT145" name="testscripts.Redbus" tests="1" failures="0" timestamp="28 Feb 2017 01:10:43 GMT" time="6.722" errors="0">
  <testcase name="busTicketSearch" time="6.722" classname="testscripts.Redbus"/>
</testsuite> <!-- testscripts.Redbus -->
