<?xml version="1.0" encoding="UTF-8"?>
<!-- Generated by org.testng.reporters.JUnitReportReporter -->
<testsuite hostname="LAPTOP-067IT145" name="tc.eobao.rbs.RBS_ST1" tests="2" failures="0" timestamp="13 Mar 2017 19:30:31 GMT" time="32.194" errors="0">
  <testcase name="Intro" time="11.019" classname="tc.eobao.rbs.RBS_ST1"/>
  <testcase name="BusinessDetails" time="21.175" classname="tc.eobao.rbs.RBS_ST1"/>
</testsuite> <!-- tc.eobao.rbs.RBS_ST1 -->
