<?xml version="1.0" encoding="UTF-8"?>
<!-- Generated by org.testng.reporters.JUnitReportReporter -->
<testsuite hostname="LAPTOP-067IT145" name="temp.SampleTestNG" tests="1" failures="0" timestamp="8 Mar 2017 02:33:20 GMT" time="18.493" errors="0">
  <testcase name="ChromeTest" time="18.493" classname="temp.SampleTestNG"/>
</testsuite> <!-- temp.SampleTestNG -->
