<?xml version="1.0" encoding="UTF-8"?>
<!-- Generated by org.testng.reporters.JUnitReportReporter -->
<testsuite hostname="LAPTOP-067IT145" name="testscripts.SoleTrader" tests="2" failures="0" timestamp="6 Mar 2017 03:58:12 GMT" time="37.295" errors="0">
  <testcase name="BD" time="21.914" classname="testscripts.SoleTrader"/>
  <testcase name="Intro" time="15.381" classname="testscripts.SoleTrader"/>
</testsuite> <!-- testscripts.SoleTrader -->
