<?xml version="1.0" encoding="UTF-8"?>
<!-- Generated by org.testng.reporters.JUnitReportReporter -->
<testsuite hostname="LAPTOP-067IT145" name="tc.rebbus.Redbus_Search" tests="1" failures="0" timestamp="14 Mar 2017 08:40:14 GMT" time="11.458" errors="0">
  <testcase name="busTicketSearch" time="11.458" classname="tc.rebbus.Redbus_Search"/>
</testsuite> <!-- tc.rebbus.Redbus_Search -->
