<?xml version="1.0" encoding="UTF-8"?>
<!-- Generated by org.testng.reporters.JUnitReportReporter -->
<testsuite hostname="LAPTOP-067IT145" name="testscripts.TC_SoleTrader" tests="4" failures="0" timestamp="19 Feb 2017 03:05:46 GMT" time="27.096" errors="0">
  <testcase name="IntroPg" time="7.431" classname="testscripts.TC_SoleTrader"/>
  <testcase name="BD" time="2.176" classname="testscripts.TC_SoleTrader"/>
  <testcase name="BD" time="4.964" classname="testscripts.TC_SoleTrader"/>
  <testcase name="IntroPg" time="12.525" classname="testscripts.TC_SoleTrader"/>
</testsuite> <!-- testscripts.TC_SoleTrader -->
