<?xml version="1.0" encoding="UTF-8"?>
<!-- Generated by org.testng.reporters.JUnitReportReporter -->
<testsuite hostname="LAPTOP-067IT145" name="temp.SampleTestNG" tests="2" failures="0" timestamp="11 Mar 2017 00:57:24 GMT" time="11.456" errors="0">
  <testcase name="ChromeTest1" time="8.656" classname="temp.SampleTestNG"/>
  <testcase name="ChromeTest2" time="2.800" classname="temp.SampleTestNG"/>
</testsuite> <!-- temp.SampleTestNG -->
