<?xml version="1.0" encoding="UTF-8"?>
<!-- Generated by org.testng.reporters.JUnitReportReporter -->
<testsuite hostname="LAPTOP-067IT145" name="testscripts.Demo1" tests="1" failures="0" timestamp="7 Feb 2017 01:12:11 GMT" time="0.039" errors="0">
  <testcase name="sample" time="0.039" classname="testscripts.Demo1"/>
</testsuite> <!-- testscripts.Demo1 -->
