<?xml version="1.0" encoding="UTF-8"?>
<!-- Generated by org.testng.reporters.JUnitReportReporter -->
<testsuite hostname="LAPTOP-067IT145" name="temp.SampleTestNG" tests="1" failures="0" timestamp="8 Mar 2017 08:48:11 GMT" time="12.537" errors="0">
  <testcase name="ChromeTest" time="12.537" classname="temp.SampleTestNG"/>
</testsuite> <!-- temp.SampleTestNG -->
