<?xml version="1.0" encoding="UTF-8"?>
<!-- Generated by org.testng.reporters.JUnitReportReporter -->
<testsuite hostname="LAPTOP-067IT145" name="testscripts.TC_SoleTrader" tests="1" failures="0" timestamp="12 Feb 2017 07:28:15 GMT" time="6.970" errors="0">
  <testcase name="IntroPg" time="6.970" classname="testscripts.TC_SoleTrader"/>
</testsuite> <!-- testscripts.TC_SoleTrader -->
