<?xml version="1.0" encoding="UTF-8"?>
<!-- Generated by org.testng.reporters.JUnitReportReporter -->
<testsuite hostname="LAPTOP-067IT145" name="testscripts.TC_SoleTrader" tests="1" failures="0" timestamp="8 Feb 2017 01:58:51 GMT" time="9.336" errors="0">
  <testcase name="IntroPg" time="9.336" classname="testscripts.TC_SoleTrader"/>
</testsuite> <!-- testscripts.TC_SoleTrader -->
