<?xml version="1.0" encoding="UTF-8"?>
<!-- Generated by org.testng.reporters.JUnitReportReporter -->
<testsuite hostname="LAPTOP-067IT145" name="testscripts.TC_Header" tests="1" failures="0" timestamp="11 Feb 2017 00:15:40 GMT" time="1.441" errors="0">
  <testcase name="ApplicationHeader" time="1.441" classname="testscripts.TC_Header"/>
</testsuite> <!-- testscripts.TC_Header -->
