<?xml version="1.0" encoding="UTF-8"?>
<!-- Generated by org.testng.reporters.JUnitReportReporter -->
<testsuite hostname="LAPTOP-067IT145" name="testscripts.TC_BusinessDetails" tests="1" failures="0" timestamp="16 Feb 2017 22:53:04 GMT" time="4.819" errors="0">
  <testcase name="BD" time="4.819" classname="testscripts.TC_BusinessDetails"/>
</testsuite> <!-- testscripts.TC_BusinessDetails -->
