<?xml version="1.0" encoding="UTF-8"?>
<!-- Generated by org.testng.reporters.JUnitReportReporter -->
<testsuite hostname="LAPTOP-067IT145" name="tc.eobao.rbs.Rbs_st1" tests="2" failures="0" timestamp="12 Mar 2017 01:17:06 GMT" time="31.825" errors="0">
  <testcase name="Intro" time="11.302" classname="tc.eobao.rbs.Rbs_st1"/>
  <testcase name="BusinessDetails" time="20.523" classname="tc.eobao.rbs.Rbs_st1"/>
</testsuite> <!-- tc.eobao.rbs.Rbs_st1 -->
