<?xml version="1.0" encoding="UTF-8"?>
<!-- Generated by org.testng.reporters.JUnitReportReporter -->
<testsuite hostname="LAPTOP-067IT145" name="tc.eobao.rbs.Rbs_st2" tests="2" failures="0" timestamp="12 Mar 2017 01:17:06 GMT" time="0.025" errors="0">
  <testcase name="test11" time="0.004" classname="tc.eobao.rbs.Rbs_st2"/>
  <testcase name="test10" time="0.021" classname="tc.eobao.rbs.Rbs_st2"/>
</testsuite> <!-- tc.eobao.rbs.Rbs_st2 -->
