<?xml version="1.0" encoding="UTF-8"?>
<!-- Generated by org.testng.reporters.JUnitReportReporter -->
<testsuite hostname="LAPTOP-067IT145" name="test.Firefox_test" tests="1" failures="0" timestamp="13 Feb 2017 00:00:31 GMT" time="14.611" errors="0">
  <testcase name="launchFirefox" time="14.611" classname="test.Firefox_test"/>
</testsuite> <!-- test.Firefox_test -->
