<?xml version="1.0" encoding="UTF-8"?>
<!-- Generated by org.testng.reporters.JUnitReportReporter -->
<testsuite hostname="LAPTOP-067IT145" name="testscripts.SoleTraderDP" tests="2" failures="0" timestamp="28 Feb 2017 01:10:43 GMT" time="10.933" errors="0">
  <testcase name="BD" time="2.516" classname="testscripts.SoleTraderDP"/>
  <testcase name="IntroPg" time="8.417" classname="testscripts.SoleTraderDP"/>
</testsuite> <!-- testscripts.SoleTraderDP -->
