<?xml version="1.0" encoding="UTF-8"?>
<!-- Generated by org.testng.reporters.JUnitReportReporter -->
<testsuite hostname="LAPTOP-067IT145" name="testscripts.SoleTrader" tests="2" failures="0" timestamp="20 Feb 2017 00:09:33 GMT" time="18.920" errors="0">
  <testcase name="IntroPg" time="12.995" classname="testscripts.SoleTrader"/>
  <testcase name="BD" time="5.925" classname="testscripts.SoleTrader"/>
</testsuite> <!-- testscripts.SoleTrader -->
