<?xml version="1.0" encoding="UTF-8"?>
<!-- Generated by org.testng.reporters.JUnitReportReporter -->
<testsuite hostname="LAPTOP-067IT145" name="testscripts.BusinessDetails" tests="1" failures="0" timestamp="4 Feb 2017 00:20:07 GMT" time="0.894" errors="0">
  <testcase name="BD" time="0.894" classname="testscripts.BusinessDetails"/>
</testsuite> <!-- testscripts.BusinessDetails -->
