<?xml version="1.0" encoding="UTF-8"?>
<!-- Generated by org.testng.reporters.JUnitReportReporter -->
<testsuite hostname="LAPTOP-067IT145" name="testscripts.SoleTraderDP" tests="2" failures="0" timestamp="25 Feb 2017 10:26:38 GMT" time="17.284" errors="0">
  <testcase name="IntroPg" time="11.893" classname="testscripts.SoleTraderDP"/>
  <testcase name="BD" time="5.391" classname="testscripts.SoleTraderDP"/>
</testsuite> <!-- testscripts.SoleTraderDP -->
