<?xml version="1.0" encoding="UTF-8"?>
<!-- Generated by org.testng.reporters.JUnitReportReporter -->
<testsuite hostname="LAPTOP-067IT145" name="testscripts.SoleTrader" tests="2" failures="0" timestamp="21 Feb 2017 01:30:48 GMT" time="17.697" errors="0">
  <testcase name="BD" time="5.840" classname="testscripts.SoleTrader"/>
  <testcase name="IntroPg" time="11.857" classname="testscripts.SoleTrader"/>
</testsuite> <!-- testscripts.SoleTrader -->
