<?xml version="1.0" encoding="UTF-8"?>
<!-- Generated by org.testng.reporters.JUnitReportReporter -->
<testsuite hostname="LAPTOP-067IT145" name="tc.facebook.FB_Login" tests="1" failures="0" timestamp="14 Mar 2017 08:39:25 GMT" time="17.397" errors="0">
  <testcase name="Login" time="17.397" classname="tc.facebook.FB_Login"/>
</testsuite> <!-- tc.facebook.FB_Login -->
