<?xml version="1.0" encoding="UTF-8"?>
<!-- Generated by org.testng.reporters.JUnitReportReporter -->
<testsuite hostname="LAPTOP-067IT145" name="testscripts.SoleTrader" tests="2" failures="0" timestamp="25 Feb 2017 10:26:38 GMT" time="29.949" errors="0">
  <testcase name="IntroPg" time="15.856" classname="testscripts.SoleTrader"/>
  <testcase name="BD" time="14.093" classname="testscripts.SoleTrader"/>
</testsuite> <!-- testscripts.SoleTrader -->
