<?xml version="1.0" encoding="UTF-8"?>
<!-- Generated by org.testng.reporters.JUnitReportReporter -->
<testsuite hostname="LAPTOP-067IT145" name="testscripts.TC_ImportantInfo" tests="1" failures="0" timestamp="7 Feb 2017 01:13:09 GMT" time="25.920" errors="0">
  <testcase name="IntroPg" time="25.920" classname="testscripts.TC_ImportantInfo"/>
</testsuite> <!-- testscripts.TC_ImportantInfo -->
