<?xml version="1.0" encoding="UTF-8"?>
<!-- Generated by org.testng.reporters.JUnitReportReporter -->
<testsuite hostname="LAPTOP-067IT145" name="test.SampleTestNG" tests="1" failures="0" timestamp="17 Feb 2017 01:49:09 GMT" time="0.037" errors="0">
  <testcase name="TC001" time="0.037" classname="test.SampleTestNG"/>
</testsuite> <!-- test.SampleTestNG -->
