<?xml version="1.0" encoding="UTF-8"?>
<!-- Generated by org.testng.reporters.JUnitReportReporter -->
<testsuite hostname="LAPTOP-067IT145" name="testscripts.TC_SoleTrader" tests="1" failures="0" timestamp="16 Feb 2017 22:53:04 GMT" time="5.502" errors="0">
  <testcase name="IntroPg" time="5.502" classname="testscripts.TC_SoleTrader"/>
</testsuite> <!-- testscripts.TC_SoleTrader -->
