<?xml version="1.0" encoding="UTF-8"?>
<!-- Generated by org.testng.reporters.JUnitReportReporter -->
<testsuite hostname="LAPTOP-067IT145" name="testscripts.Redbus" tests="1" failures="0" timestamp="1 Mar 2017 08:57:10 GMT" time="14.982" errors="0">
  <testcase name="busTicketSearch" time="14.982" classname="testscripts.Redbus"/>
</testsuite> <!-- testscripts.Redbus -->
