<?xml version="1.0" encoding="UTF-8"?>
<!-- Generated by org.testng.reporters.JUnitReportReporter -->
<testsuite hostname="LAPTOP-067IT145" name="testscripts.TC_Header" tests="2" failures="0" timestamp="13 Feb 2017 00:59:18 GMT" time="3.337" errors="0">
  <testcase name="ApplicationHeader" time="1.363" classname="testscripts.TC_Header"/>
  <testcase name="ApplicationHeader" time="1.974" classname="testscripts.TC_Header"/>
</testsuite> <!-- testscripts.TC_Header -->
