<?xml version="1.0" encoding="UTF-8"?>
<!-- Generated by org.testng.reporters.JUnitReportReporter -->
<testsuite hostname="LAPTOP-067IT145" name="temp.Class4" tests="1" failures="0" timestamp="14 Mar 2017 08:35:38 GMT" time="0.003" errors="0">
  <testcase name="class4test" time="0.003" classname="temp.Class4"/>
</testsuite> <!-- temp.Class4 -->
