<?xml version="1.0" encoding="UTF-8"?>
<!-- Generated by org.testng.reporters.JUnitReportReporter -->
<testsuite hostname="LAPTOP-067IT145" name="testscripts.FBLoginTC" tests="1" failures="0" timestamp="25 Feb 2017 01:52:10 GMT" time="18.339" errors="0">
  <testcase name="FBLogin" time="18.339" classname="testscripts.FBLoginTC"/>
</testsuite> <!-- testscripts.FBLoginTC -->
