<?xml version="1.0" encoding="UTF-8"?>
<!-- Generated by org.testng.reporters.JUnitReportReporter -->
<testsuite hostname="LAPTOP-067IT145" name="test.SampleTestNG" tests="2" failures="0" timestamp="17 Feb 2017 21:30:32 GMT" time="4.400" errors="0">
  <testcase name="PrintA" time="0.825" classname="test.SampleTestNG"/>
  <testcase name="PrintA" time="3.575" classname="test.SampleTestNG"/>
</testsuite> <!-- test.SampleTestNG -->
