<?xml version="1.0" encoding="UTF-8"?>
<!-- Generated by org.testng.reporters.JUnitReportReporter -->
<testsuite hostname="LAPTOP-067IT145" name="tc.facebook.FB_Login" tests="1" failures="0" timestamp="15 Mar 2017 11:28:50 GMT" time="17.321" errors="0">
  <testcase name="Login" time="17.321" classname="tc.facebook.FB_Login"/>
</testsuite> <!-- tc.facebook.FB_Login -->
