<?xml version="1.0" encoding="UTF-8"?>
<!-- Generated by org.testng.reporters.JUnitReportReporter -->
<testsuite hostname="LAPTOP-067IT145" name="testscripts.TC_Header" tests="1" failures="0" timestamp="8 Feb 2017 02:20:32 GMT" time="1.119" errors="0">
  <testcase name="ApplicationHeader" time="1.119" classname="testscripts.TC_Header"/>
</testsuite> <!-- testscripts.TC_Header -->
