<?xml version="1.0" encoding="UTF-8"?>
<!-- Generated by org.testng.reporters.JUnitReportReporter -->
<testsuite hostname="LAPTOP-067IT145" name="testscripts.SoleTraderDP" tests="2" failures="0" timestamp="1 Mar 2017 09:08:15 GMT" time="17.266" errors="0">
  <testcase name="IntroPg" time="11.003" classname="testscripts.SoleTraderDP"/>
  <testcase name="BD" time="6.263" classname="testscripts.SoleTraderDP"/>
</testsuite> <!-- testscripts.SoleTraderDP -->
