<?xml version="1.0" encoding="UTF-8"?>
<!-- Generated by org.testng.reporters.JUnitReportReporter -->
<testsuite hostname="LAPTOP-067IT145" name="testscripts.SoleTrader" tests="2" failures="0" timestamp="22 Feb 2017 09:38:44 GMT" time="21.426" errors="0">
  <testcase name="BD" time="5.878" classname="testscripts.SoleTrader"/>
  <testcase name="IntroPg" time="15.548" classname="testscripts.SoleTrader"/>
</testsuite> <!-- testscripts.SoleTrader -->
