<?xml version="1.0" encoding="UTF-8"?>
<!-- Generated by org.testng.reporters.JUnitReportReporter -->
<testsuite hostname="LAPTOP-067IT145" name="testscripts.Redbus" tests="1" failures="0" timestamp="22 Feb 2017 09:38:44 GMT" time="3.846" errors="0">
  <testcase name="busTicketSearch" time="3.846" classname="testscripts.Redbus"/>
</testsuite> <!-- testscripts.Redbus -->
