<?xml version="1.0" encoding="UTF-8"?>
<!-- Generated by org.testng.reporters.JUnitReportReporter -->
<testsuite hostname="LAPTOP-067IT145" name="testscripts.SoleTraderDP" tests="2" failures="0" timestamp="25 Feb 2017 01:59:31 GMT" time="18.219" errors="0">
  <testcase name="BD" time="5.622" classname="testscripts.SoleTraderDP"/>
  <testcase name="IntroPg" time="12.597" classname="testscripts.SoleTraderDP"/>
</testsuite> <!-- testscripts.SoleTraderDP -->
