<?xml version="1.0" encoding="UTF-8"?>
<!-- Generated by org.testng.reporters.JUnitReportReporter -->
<testsuite hostname="LAPTOP-067IT145" name="testscripts.SoleTrader" tests="1" failures="0" timestamp="28 Feb 2017 01:17:58 GMT" time="31.660" errors="0">
  <testcase name="TC_SoleTrader" time="31.660" classname="testscripts.SoleTrader"/>
</testsuite> <!-- testscripts.SoleTrader -->
