<?xml version="1.0" encoding="UTF-8"?>
<!-- Generated by org.testng.reporters.JUnitReportReporter -->
<testsuite hostname="LAPTOP-067IT145" name="testscripts.FBLoginTC" tests="1" failures="0" timestamp="25 Feb 2017 01:59:31 GMT" time="16.832" errors="0">
  <testcase name="FBLogin" time="16.832" classname="testscripts.FBLoginTC"/>
</testsuite> <!-- testscripts.FBLoginTC -->
