<?xml version="1.0" encoding="UTF-8"?>
<!-- Generated by org.testng.reporters.JUnitReportReporter -->
<testsuite hostname="LAPTOP-067IT145" name="testscripts.SoleTrader" tests="4" failures="0" timestamp="21 Feb 2017 01:52:22 GMT" time="38.461" errors="0">
  <testcase name="BD" time="5.717" classname="testscripts.SoleTrader"/>
  <testcase name="IntroPg" time="17.375" classname="testscripts.SoleTrader"/>
  <testcase name="IntroPg" time="9.497" classname="testscripts.SoleTrader"/>
  <testcase name="BD" time="5.872" classname="testscripts.SoleTrader"/>
</testsuite> <!-- testscripts.SoleTrader -->
