<?xml version="1.0" encoding="UTF-8"?>
<!-- Generated by org.testng.reporters.JUnitReportReporter -->
<testsuite hostname="LAPTOP-067IT145" name="testscripts.Redbus" tests="1" failures="0" timestamp="25 Feb 2017 01:59:31 GMT" time="8.285" errors="0">
  <testcase name="busTicketSearch" time="8.285" classname="testscripts.Redbus"/>
</testsuite> <!-- testscripts.Redbus -->
