<?xml version="1.0" encoding="UTF-8"?>
<!-- Generated by org.testng.reporters.JUnitReportReporter -->
<testsuite hostname="LAPTOP-067IT145" name="testscripts.Redbus" tests="1" failures="0" timestamp="25 Feb 2017 10:36:24 GMT" time="7.276" errors="0">
  <testcase name="busTicketSearch" time="7.276" classname="testscripts.Redbus"/>
</testsuite> <!-- testscripts.Redbus -->
