<?xml version="1.0" encoding="UTF-8"?>
<!-- Generated by org.testng.reporters.JUnitReportReporter -->
<testsuite hostname="LAPTOP-067IT145" name="tc.eobao.rbs.EOBAO_RBS_ST" tests="6" failures="0" timestamp="8 Mar 2017 08:55:00 GMT" time="87.791" errors="0">
  <testcase name="Intro" time="12.849" classname="tc.eobao.rbs.EOBAO_RBS_ST"/>
  <testcase name="BD" time="20.972" classname="tc.eobao.rbs.EOBAO_RBS_ST"/>
  <testcase name="Intro" time="9.630" classname="tc.eobao.rbs.EOBAO_RBS_ST"/>
  <testcase name="Intro" time="9.867" classname="tc.eobao.rbs.EOBAO_RBS_ST"/>
  <testcase name="BD" time="20.147" classname="tc.eobao.rbs.EOBAO_RBS_ST"/>
  <testcase name="BD" time="14.326" classname="tc.eobao.rbs.EOBAO_RBS_ST"/>
</testsuite> <!-- tc.eobao.rbs.EOBAO_RBS_ST -->
