<?xml version="1.0" encoding="UTF-8"?>
<!-- Generated by org.testng.reporters.JUnitReportReporter -->
<testsuite hostname="LAPTOP-067IT145" name="testscripts.SoleTrader" tests="4" failures="0" timestamp="21 Feb 2017 04:08:29 GMT" time="36.764" errors="0">
  <testcase name="IntroPg" time="15.276" classname="testscripts.SoleTrader"/>
  <testcase name="BD" time="5.850" classname="testscripts.SoleTrader"/>
  <testcase name="IntroPg" time="9.633" classname="testscripts.SoleTrader"/>
  <testcase name="BD" time="6.005" classname="testscripts.SoleTrader"/>
</testsuite> <!-- testscripts.SoleTrader -->
