<?xml version="1.0" encoding="UTF-8"?>
<!-- Generated by org.testng.reporters.JUnitReportReporter -->
<testsuite hostname="LAPTOP-067IT145" name="testscripts.Redbus" tests="1" failures="0" timestamp="28 Feb 2017 01:17:58 GMT" time="9.918" errors="0">
  <testcase name="busTicketSearch" time="9.918" classname="testscripts.Redbus"/>
</testsuite> <!-- testscripts.Redbus -->
