<?xml version="1.0" encoding="UTF-8"?>
<!-- Generated by org.testng.reporters.JUnitReportReporter -->
<testsuite hostname="LAPTOP-067IT145" name="testscripts.SoleTraderDP" tests="2" failures="0" timestamp="25 Feb 2017 10:36:24 GMT" time="18.507" errors="0">
  <testcase name="BD" time="5.169" classname="testscripts.SoleTraderDP"/>
  <testcase name="IntroPg" time="13.338" classname="testscripts.SoleTraderDP"/>
</testsuite> <!-- testscripts.SoleTraderDP -->
