<?xml version="1.0" encoding="UTF-8"?>
<!-- Generated by org.testng.reporters.JUnitReportReporter -->
<testsuite hostname="LAPTOP-067IT145" name="testscripts.SoleTrader_DataProvider" tests="4" failures="0" timestamp="21 Feb 2017 01:52:22 GMT" time="28.337" errors="0">
  <testcase name="BD" time="4.463" classname="testscripts.SoleTrader_DataProvider"/>
  <testcase name="IntroPg" time="11.253" classname="testscripts.SoleTrader_DataProvider"/>
  <testcase name="IntroPg" time="9.701" classname="testscripts.SoleTrader_DataProvider"/>
  <testcase name="BD" time="2.920" classname="testscripts.SoleTrader_DataProvider"/>
</testsuite> <!-- testscripts.SoleTrader_DataProvider -->
