<?xml version="1.0" encoding="UTF-8"?>
<!-- Generated by org.testng.reporters.JUnitReportReporter -->
<testsuite hostname="LAPTOP-067IT145" name="testscripts.SoleTrader" tests="1" failures="0" timestamp="1 Mar 2017 09:08:15 GMT" time="33.398" errors="0">
  <testcase name="TC_SoleTrader" time="33.398" classname="testscripts.SoleTrader"/>
</testsuite> <!-- testscripts.SoleTrader -->
