<?xml version="1.0" encoding="UTF-8"?>
<!-- Generated by org.testng.reporters.JUnitReportReporter -->
<testsuite hostname="LAPTOP-067IT145" name="testscripts.SoleTraderDP" tests="2" failures="0" timestamp="28 Feb 2017 01:17:58 GMT" time="17.429" errors="0">
  <testcase name="IntroPg" time="12.344" classname="testscripts.SoleTraderDP"/>
  <testcase name="BD" time="5.085" classname="testscripts.SoleTraderDP"/>
</testsuite> <!-- testscripts.SoleTraderDP -->
