<?xml version="1.0" encoding="UTF-8"?>
<!-- Generated by org.testng.reporters.JUnitReportReporter -->
<testsuite hostname="LAPTOP-067IT145" name="testscripts.SoleTrader" tests="2" failures="0" timestamp="25 Feb 2017 01:59:31 GMT" time="31.398" errors="0">
  <testcase name="IntroPg" time="17.039" classname="testscripts.SoleTrader"/>
  <testcase name="BD" time="14.359" classname="testscripts.SoleTrader"/>
</testsuite> <!-- testscripts.SoleTrader -->
