<?xml version="1.0" encoding="UTF-8"?>
<!-- Generated by org.testng.reporters.JUnitReportReporter -->
<testsuite hostname="LAPTOP-067IT145" name="testscripts.FBLoginTC" tests="1" failures="0" timestamp="28 Feb 2017 01:17:58 GMT" time="15.635" errors="0">
  <testcase name="FBLogin" time="15.635" classname="testscripts.FBLoginTC"/>
</testsuite> <!-- testscripts.FBLoginTC -->
