<?xml version="1.0" encoding="UTF-8"?>
<!-- Generated by org.testng.reporters.JUnitReportReporter -->
<testsuite hostname="LAPTOP-067IT145" name="testscripts.SoleTrader" tests="2" failures="0" timestamp="24 Feb 2017 04:12:45 GMT" time="31.309" errors="0">
  <testcase name="BD" time="14.109" classname="testscripts.SoleTrader"/>
  <testcase name="IntroPg" time="17.200" classname="testscripts.SoleTrader"/>
</testsuite> <!-- testscripts.SoleTrader -->
