<?xml version="1.0" encoding="UTF-8"?>
<!-- Generated by org.testng.reporters.JUnitReportReporter -->
<testsuite hostname="LAPTOP-067IT145" name="testscripts.SoleTraderDP" tests="2" failures="0" timestamp="24 Feb 2017 04:12:45 GMT" time="19.496" errors="0">
  <testcase name="IntroPg" time="14.129" classname="testscripts.SoleTraderDP"/>
  <testcase name="BD" time="5.367" classname="testscripts.SoleTraderDP"/>
</testsuite> <!-- testscripts.SoleTraderDP -->
