<?xml version="1.0" encoding="UTF-8"?>
<!-- Generated by org.testng.reporters.JUnitReportReporter -->
<testsuite hostname="LAPTOP-067IT145" name="testscripts.SoleTrader" tests="2" failures="0" timestamp="25 Feb 2017 10:36:24 GMT" time="28.714" errors="0">
  <testcase name="BD" time="13.663" classname="testscripts.SoleTrader"/>
  <testcase name="IntroPg" time="15.051" classname="testscripts.SoleTrader"/>
</testsuite> <!-- testscripts.SoleTrader -->
