<?xml version="1.0" encoding="UTF-8"?>
<!-- Generated by org.testng.reporters.JUnitReportReporter -->
<testsuite hostname="LAPTOP-067IT145" name="testscripts.SoleTrader_DataProvider" tests="4" failures="0" timestamp="21 Feb 2017 04:08:29 GMT" time="27.083" errors="0">
  <testcase name="BD" time="4.468" classname="testscripts.SoleTrader_DataProvider"/>
  <testcase name="IntroPg" time="11.761" classname="testscripts.SoleTrader_DataProvider"/>
  <testcase name="IntroPg" time="7.899" classname="testscripts.SoleTrader_DataProvider"/>
  <testcase name="BD" time="2.955" classname="testscripts.SoleTrader_DataProvider"/>
</testsuite> <!-- testscripts.SoleTrader_DataProvider -->
